<?xml version="1.0" encoding="UTF-8"?>
<testng-results skipped="0" failed="0" ignored="0" total="2" passed="2">
  <reporter-output>
  </reporter-output>
  <suite name="Dynamic suite" duration-ms="11536" started-at="2018-07-04T09:31:27Z" finished-at="2018-07-04T09:31:38Z">
    <groups>
    </groups>
    <test name="firefox Tests" duration-ms="11536" started-at="2018-07-04T09:31:27Z" finished-at="2018-07-04T09:31:38Z">
      <class name="Tests.AbstractTest">
        <test-method status="PASS" signature="setup(org.testng.ITestContext)[pri:0, instance:Tests.AbstractTest@59a6e353]" name="setup" is-config="true" duration-ms="2728" started-at="2018-07-04T15:01:27Z" finished-at="2018-07-04T15:01:29Z">
          <params>
            <param index="0">
              <value>
                <![CDATA[org.testng.TestRunner@2d554825]]>
              </value>
            </param>
          </params>
          <reporter-output>
          </reporter-output>
        </test-method> <!-- setup -->
        <test-method status="PASS" signature="test1()[pri:0, instance:Tests.AbstractTest@59a6e353]" name="test1" duration-ms="2700" started-at="2018-07-04T15:01:29Z" finished-at="2018-07-04T15:01:32Z">
          <reporter-output>
          </reporter-output>
        </test-method> <!-- test1 -->
        <test-method status="PASS" signature="close()[pri:0, instance:Tests.AbstractTest@59a6e353]" name="close" is-config="true" duration-ms="574" started-at="2018-07-04T15:01:32Z" finished-at="2018-07-04T15:01:33Z">
          <reporter-output>
          </reporter-output>
        </test-method> <!-- close -->
        <test-method status="PASS" signature="setup(org.testng.ITestContext)[pri:0, instance:Tests.AbstractTest@59a6e353]" name="setup" is-config="true" duration-ms="2083" started-at="2018-07-04T15:01:33Z" finished-at="2018-07-04T15:01:35Z">
          <params>
            <param index="0">
              <value>
                <![CDATA[org.testng.TestRunner@2d554825]]>
              </value>
            </param>
          </params>
          <reporter-output>
          </reporter-output>
        </test-method> <!-- setup -->
        <test-method status="PASS" signature="test2()[pri:0, instance:Tests.AbstractTest@59a6e353]" name="test2" duration-ms="2847" started-at="2018-07-04T15:01:35Z" finished-at="2018-07-04T15:01:38Z">
          <reporter-output>
          </reporter-output>
        </test-method> <!-- test2 -->
        <test-method status="PASS" signature="close()[pri:0, instance:Tests.AbstractTest@59a6e353]" name="close" is-config="true" duration-ms="578" started-at="2018-07-04T15:01:38Z" finished-at="2018-07-04T15:01:38Z">
          <reporter-output>
          </reporter-output>
        </test-method> <!-- close -->
      </class> <!-- Tests.AbstractTest -->
    </test> <!-- firefox Tests -->
  </suite> <!-- Dynamic suite -->
</testng-results>
